# JRE version: Java(TM) SE Runtime Environment (8.0_65-b17) (build 1.8.0_65-b17)
# Java VM: Java HotSpot(TM) 64-Bit Server VM (25.65-b01 mixed mode linux-amd64 compressed oops)
Heap:
 def new generation   total 78656K, used 18769K [0x00000000f0000000, 0x00000000f5550000, 0x00000000f5550000)
  eden space 69952K,  14% used [0x00000000f0000000, 0x00000000f09d4530, 0x00000000f4450000)
  from space 8704K,  99% used [0x00000000f4450000, 0x00000000f4ccfff8, 0x00000000f4cd0000)
  to   space 8704K,   0% used [0x00000000f4cd0000, 0x00000000f4cd0000, 0x00000000f5550000)
 tenured generation   total 174784K, used 73830K [0x00000000f5550000, 0x0000000100000000, 0x0000000100000000)
   the space 174784K,  42% used [0x00000000f5550000, 0x00000000f9d69b70, 0x00000000f9d69c00, 0x0000000100000000)
 Metaspace       used 28174K, capacity 28450K, committed 28544K, reserved 1073152K
  class space    used 4380K, capacity 4467K, committed 4480K, reserved 1048576K
GC Heap History (6 events):
Event: 2.503 GC heap before
{Heap before GC invocations=0 (full 0):
 def new generation   total 78656K, used 66046K [0x00000000f0000000, 0x00000000f5550000, 0x00000000f5550000)
  eden space 69952K,  94% used [0x00000000f0000000, 0x00000000f407f8a8, 0x00000000f4450000)
  from space 8704K,   0% used [0x00000000f4450000, 0x00000000f4450000, 0x00000000f4cd0000)
  to   space 8704K,   0% used [0x00000000f4cd0000, 0x00000000f4cd0000, 0x00000000f5550000)
 tenured generation   total 174784K, used 0K [0x00000000f5550000, 0x0000000100000000, 0x0000000100000000)
   the space 174784K,   0% used [0x00000000f5550000, 0x00000000f5550000, 0x00000000f5550200, 0x0000000100000000)
 Metaspace       used 21007K, capacity 21088K, committed 21296K, reserved 1067008K
  class space    used 3328K, capacity 3344K, committed 3456K, reserved 1048576K
Event: 2.537 GC heap after
Heap after GC invocations=1 (full 1):
 def new generation   total 78656K, used 0K [0x00000000f0000000, 0x00000000f5550000, 0x00000000f5550000)
  eden space 69952K,   0% used [0x00000000f0000000, 0x00000000f0000000, 0x00000000f4450000)
  from space 8704K,   0% used [0x00000000f4450000, 0x00000000f4450000, 0x00000000f4cd0000)
  to   space 8704K,   0% used [0x00000000f4cd0000, 0x00000000f4cd0000, 0x00000000f5550000)
 tenured generation   total 174784K, used 14701K [0x00000000f5550000, 0x0000000100000000, 0x0000000100000000)
   the space 174784K,   8% used [0x00000000f5550000, 0x00000000f63ab4f8, 0x00000000f63ab600, 0x0000000100000000)
 Metaspace       used 21007K, capacity 21088K, committed 21296K, reserved 1067008K
  class space    used 3328K, capacity 3344K, committed 3456K, reserved 1048576K
}
Event: 4.565 GC heap before
{Heap before GC invocations=1 (full 1):
 def new generation   total 78656K, used 69952K [0x00000000f0000000, 0x00000000f5550000, 0x00000000f5550000)
  eden space 69952K, 100% used [0x00000000f0000000, 0x00000000f4450000, 0x00000000f4450000)
  from space 8704K,   0% used [0x00000000f4450000, 0x00000000f4450000, 0x00000000f4cd0000)
  to   space 8704K,   0% used [0x00000000f4cd0000, 0x00000000f4cd0000, 0x00000000f5550000)
 tenured generation   total 174784K, used 14701K [0x00000000f5550000, 0x0000000100000000, 0x0000000100000000)
   the space 174784K,   8% used [0x00000000f5550000, 0x00000000f63ab4f8, 0x00000000f63ab600, 0x0000000100000000)
 Metaspace       used 27255K, capacity 27490K, committed 27648K, reserved 1073152K
  class space    used 4248K, capacity 4339K, committed 4352K, reserved 1048576K
Event: 4.643 GC heap after
Heap after GC invocations=2 (full 1):
 def new generation   total 78656K, used 8704K [0x00000000f0000000, 0x00000000f5550000, 0x00000000f5550000)
  eden space 69952K,   0% used [0x00000000f0000000, 0x00000000f0000000, 0x00000000f4450000)
  from space 8704K, 100% used [0x00000000f4cd0000, 0x00000000f5550000, 0x00000000f5550000)
  to   space 8704K,   0% used [0x00000000f4450000, 0x00000000f4450000, 0x00000000f4cd0000)
 tenured generation   total 174784K, used 34823K [0x00000000f5550000, 0x0000000100000000, 0x0000000100000000)
   the space 174784K,  19% used [0x00000000f5550000, 0x00000000f7751c98, 0x00000000f7751e00, 0x0000000100000000)
 Metaspace       used 27255K, capacity 27490K, committed 27648K, reserved 1073152K
  class space    used 4248K, capacity 4339K, committed 4352K, reserved 1048576K
}
Event: 4.763 GC heap before
{Heap before GC invocations=2 (full 1):
 def new generation   total 78656K, used 78656K [0x00000000f0000000, 0x00000000f5550000, 0x00000000f5550000)
  eden space 69952K, 100% used [0x00000000f0000000, 0x00000000f4450000, 0x00000000f4450000)
  from space 8704K, 100% used [0x00000000f4cd0000, 0x00000000f5550000, 0x00000000f5550000)
  to   space 8704K,   0% used [0x00000000f4450000, 0x00000000f4450000, 0x00000000f4cd0000)
 tenured generation   total 174784K, used 34823K [0x00000000f5550000, 0x0000000100000000, 0x0000000100000000)
   the space 174784K,  19% used [0x00000000f5550000, 0x00000000f7751c98, 0x00000000f7751e00, 0x0000000100000000)
 Metaspace       used 27263K, capacity 27490K, committed 27648K, reserved 1073152K
  class space    used 4248K, capacity 4339K, committed 4352K, reserved 1048576K
Event: 4.930 GC heap after
Heap after GC invocations=3 (full 1):
 def new generation   total 78656K, used 8703K [0x00000000f0000000, 0x00000000f5550000, 0x00000000f5550000)
  eden space 69952K,   0% used [0x00000000f0000000, 0x00000000f0000000, 0x00000000f4450000)
  from space 8704K,  99% used [0x00000000f4450000, 0x00000000f4ccfff8, 0x00000000f4cd0000)
  to   space 8704K,   0% used [0x00000000f4cd0000, 0x00000000f4cd0000, 0x00000000f5550000)
 tenured generation   total 174784K, used 73830K [0x00000000f5550000, 0x0000000100000000, 0x0000000100000000)
   the space 174784K,  42% used [0x00000000f5550000, 0x00000000f9d69b70, 0x00000000f9d69c00, 0x0000000100000000)
 Metaspace       used 27263K, capacity 27490K, committed 27648K, reserved 1073152K
  class space    used 4248K, capacity 4339K, committed 4352K, reserved 1048576K
}

