# JRE version: Java(TM) SE Runtime Environment (8.0_65-b17) (build 1.8.0_65-b17)
# Java VM: Java HotSpot(TM) 64-Bit Server VM (25.65-b01 mixed mode linux-amd64 compressed oops)
Heap:
 def new generation   total 78656K, used 30008K [0x00000000f0000000, 0x00000000f5550000, 0x00000000f5550000)
  eden space 69952K,  30% used [0x00000000f0000000, 0x00000000f14ce020, 0x00000000f4450000)
  from space 8704K,  99% used [0x00000000f4450000, 0x00000000f4ccfff0, 0x00000000f4cd0000)
  to   space 8704K,   0% used [0x00000000f4cd0000, 0x00000000f4cd0000, 0x00000000f5550000)
 tenured generation   total 174784K, used 74543K [0x00000000f5550000, 0x0000000100000000, 0x0000000100000000)
   the space 174784K,  42% used [0x00000000f5550000, 0x00000000f9e1bc00, 0x00000000f9e1bc00, 0x0000000100000000)
 Metaspace       used 30985K, capacity 31234K, committed 31488K, reserved 1075200K
  class space    used 4673K, capacity 4755K, committed 4864K, reserved 1048576K
GC Heap History (6 events):
Event: 2.741 GC heap before
{Heap before GC invocations=0 (full 0):
 def new generation   total 78656K, used 64582K [0x00000000f0000000, 0x00000000f5550000, 0x00000000f5550000)
  eden space 69952K,  92% used [0x00000000f0000000, 0x00000000f3f119f0, 0x00000000f4450000)
  from space 8704K,   0% used [0x00000000f4450000, 0x00000000f4450000, 0x00000000f4cd0000)
  to   space 8704K,   0% used [0x00000000f4cd0000, 0x00000000f4cd0000, 0x00000000f5550000)
 tenured generation   total 174784K, used 0K [0x00000000f5550000, 0x0000000100000000, 0x0000000100000000)
   the space 174784K,   0% used [0x00000000f5550000, 0x00000000f5550000, 0x00000000f5550200, 0x0000000100000000)
 Metaspace       used 21004K, capacity 21176K, committed 21296K, reserved 1067008K
  class space    used 3329K, capacity 3416K, committed 3456K, reserved 1048576K
Event: 2.783 GC heap after
Heap after GC invocations=1 (full 1):
 def new generation   total 78656K, used 0K [0x00000000f0000000, 0x00000000f5550000, 0x00000000f5550000)
  eden space 69952K,   0% used [0x00000000f0000000, 0x00000000f0000000, 0x00000000f4450000)
  from space 8704K,   0% used [0x00000000f4450000, 0x00000000f4450000, 0x00000000f4cd0000)
  to   space 8704K,   0% used [0x00000000f4cd0000, 0x00000000f4cd0000, 0x00000000f5550000)
 tenured generation   total 174784K, used 14482K [0x00000000f5550000, 0x0000000100000000, 0x0000000100000000)
   the space 174784K,   8% used [0x00000000f5550000, 0x00000000f6374898, 0x00000000f6374a00, 0x0000000100000000)
 Metaspace       used 21004K, capacity 21176K, committed 21296K, reserved 1067008K
  class space    used 3329K, capacity 3416K, committed 3456K, reserved 1048576K
}
Event: 4.285 GC heap before
{Heap before GC invocations=1 (full 1):
 def new generation   total 78656K, used 69952K [0x00000000f0000000, 0x00000000f5550000, 0x00000000f5550000)
  eden space 69952K, 100% used [0x00000000f0000000, 0x00000000f4450000, 0x00000000f4450000)
  from space 8704K,   0% used [0x00000000f4450000, 0x00000000f4450000, 0x00000000f4cd0000)
  to   space 8704K,   0% used [0x00000000f4cd0000, 0x00000000f4cd0000, 0x00000000f5550000)
 tenured generation   total 174784K, used 14482K [0x00000000f5550000, 0x0000000100000000, 0x0000000100000000)
   the space 174784K,   8% used [0x00000000f5550000, 0x00000000f6374898, 0x00000000f6374a00, 0x0000000100000000)
 Metaspace       used 27260K, capacity 27490K, committed 27648K, reserved 1073152K
  class space    used 4253K, capacity 4339K, committed 4352K, reserved 1048576K
Event: 4.354 GC heap after
Heap after GC invocations=2 (full 1):
 def new generation   total 78656K, used 8704K [0x00000000f0000000, 0x00000000f5550000, 0x00000000f5550000)
  eden space 69952K,   0% used [0x00000000f0000000, 0x00000000f0000000, 0x00000000f4450000)
  from space 8704K, 100% used [0x00000000f4cd0000, 0x00000000f5550000, 0x00000000f5550000)
  to   space 8704K,   0% used [0x00000000f4450000, 0x00000000f4450000, 0x00000000f4cd0000)
 tenured generation   total 174784K, used 35533K [0x00000000f5550000, 0x0000000100000000, 0x0000000100000000)
   the space 174784K,  20% used [0x00000000f5550000, 0x00000000f78034b8, 0x00000000f7803600, 0x0000000100000000)
 Metaspace       used 27260K, capacity 27490K, committed 27648K, reserved 1073152K
  class space    used 4253K, capacity 4339K, committed 4352K, reserved 1048576K
}
Event: 4.470 GC heap before
{Heap before GC invocations=2 (full 1):
 def new generation   total 78656K, used 78656K [0x00000000f0000000, 0x00000000f5550000, 0x00000000f5550000)
  eden space 69952K, 100% used [0x00000000f0000000, 0x00000000f4450000, 0x00000000f4450000)
  from space 8704K, 100% used [0x00000000f4cd0000, 0x00000000f5550000, 0x00000000f5550000)
  to   space 8704K,   0% used [0x00000000f4450000, 0x00000000f4450000, 0x00000000f4cd0000)
 tenured generation   total 174784K, used 35533K [0x00000000f5550000, 0x0000000100000000, 0x0000000100000000)
   the space 174784K,  20% used [0x00000000f5550000, 0x00000000f78034b8, 0x00000000f7803600, 0x0000000100000000)
 Metaspace       used 27267K, capacity 27554K, committed 27648K, reserved 1073152K
  class space    used 4253K, capacity 4339K, committed 4352K, reserved 1048576K
Event: 4.699 GC heap after
Heap after GC invocations=3 (full 1):
 def new generation   total 78656K, used 8703K [0x00000000f0000000, 0x00000000f5550000, 0x00000000f5550000)
  eden space 69952K,   0% used [0x00000000f0000000, 0x00000000f0000000, 0x00000000f4450000)
  from space 8704K,  99% used [0x00000000f4450000, 0x00000000f4ccfff0, 0x00000000f4cd0000)
  to   space 8704K,   0% used [0x00000000f4cd0000, 0x00000000f4cd0000, 0x00000000f5550000)
 tenured generation   total 174784K, used 74543K [0x00000000f5550000, 0x0000000100000000, 0x0000000100000000)
   the space 174784K,  42% used [0x00000000f5550000, 0x00000000f9e1bc00, 0x00000000f9e1bc00, 0x0000000100000000)
 Metaspace       used 27267K, capacity 27554K, committed 27648K, reserved 1073152K
  class space    used 4253K, capacity 4339K, committed 4352K, reserved 1048576K
}

